Wed Apr 23 18:33:20 UTC 2025
Thu Apr 24 13:36:15 UTC 2025
Fri Apr 25 13:18:40 UTC 2025
Sat Apr 26 13:03:36 UTC 2025
Sun Apr 27 13:04:17 UTC 2025
Mon Apr 28 13:49:53 UTC 2025
Tue Apr 29 13:44:13 UTC 2025
Wed Apr 30 13:19:14 UTC 2025
Thu May  1 13:17:29 UTC 2025
Fri May  2 13:18:36 UTC 2025
Sat May  3 13:04:54 UTC 2025
Sun May  4 13:13:35 UTC 2025
Mon May  5 13:36:01 UTC 2025
Tue May  6 13:38:48 UTC 2025
Wed May  7 13:42:08 UTC 2025
Thu May  8 13:35:05 UTC 2025
Fri May  9 13:34:45 UTC 2025
Sat May 10 13:05:03 UTC 2025
Sun May 11 13:05:28 UTC 2025
Mon May 12 13:40:58 UTC 2025
Tue May 13 13:42:47 UTC 2025
Wed May 14 13:37:31 UTC 2025
Thu May 15 13:36:50 UTC 2025
Fri May 16 13:36:35 UTC 2025
Sat May 17 13:13:31 UTC 2025
Sun May 18 13:14:27 UTC 2025
Mon May 19 13:40:41 UTC 2025
Tue May 20 13:42:17 UTC 2025
Wed May 21 13:38:45 UTC 2025
Thu May 22 13:38:45 UTC 2025
Fri May 23 13:36:04 UTC 2025
Sat May 24 13:16:36 UTC 2025
Sun May 25 12:21:59 UTC 2025
Mon May 26 12:24:22 UTC 2025
Tue May 27 12:25:37 UTC 2025
Wed May 28 12:25:54 UTC 2025
Thu May 29 12:24:56 UTC 2025
Fri May 30 12:24:39 UTC 2025
Sat May 31 12:22:09 UTC 2025
Sun Jun  1 12:22:57 UTC 2025
Mon Jun  2 12:26:04 UTC 2025
Tue Jun  3 12:25:55 UTC 2025
Wed Jun  4 12:25:56 UTC 2025
Thu Jun  5 12:26:08 UTC 2025
Fri Jun  6 12:24:52 UTC 2025
Sat Jun  7 12:22:16 UTC 2025
Sun Jun  8 12:22:26 UTC 2025
Mon Jun  9 12:25:50 UTC 2025
Tue Jun 10 12:26:31 UTC 2025
Wed Jun 11 12:26:15 UTC 2025
Thu Jun 12 12:25:22 UTC 2025
Fri Jun 13 12:25:36 UTC 2025
Sat Jun 14 12:22:14 UTC 2025
Sun Jun 15 12:22:59 UTC 2025
Mon Jun 16 12:26:42 UTC 2025
Tue Jun 17 12:26:40 UTC 2025
Wed Jun 18 12:26:34 UTC 2025
Thu Jun 19 12:25:55 UTC 2025
Fri Jun 20 12:25:47 UTC 2025
Sat Jun 21 12:22:15 UTC 2025
Sun Jun 22 12:22:36 UTC 2025
Mon Jun 23 12:27:13 UTC 2025
Tue Jun 24 12:26:31 UTC 2025
Wed Jun 25 12:26:35 UTC 2025
Thu Jun 26 12:26:18 UTC 2025
Fri Jun 27 12:25:39 UTC 2025
Sat Jun 28 12:22:57 UTC 2025
Sun Jun 29 12:23:30 UTC 2025
Mon Jun 30 12:26:11 UTC 2025
Tue Jul  1 12:26:27 UTC 2025
Wed Jul  2 12:26:14 UTC 2025
Thu Jul  3 12:26:22 UTC 2025
Fri Jul  4 12:25:39 UTC 2025
Sat Jul  5 12:23:01 UTC 2025
Sun Jul  6 12:23:05 UTC 2025
Mon Jul  7 12:26:32 UTC 2025
Tue Jul  8 12:27:00 UTC 2025
Wed Jul  9 12:26:37 UTC 2025
Thu Jul 10 12:26:51 UTC 2025
Fri Jul 11 12:25:43 UTC 2025
Sat Jul 12 12:23:17 UTC 2025
Sun Jul 13 12:24:03 UTC 2025
Mon Jul 14 12:27:49 UTC 2025
Tue Jul 15 12:27:47 UTC 2025
Wed Jul 16 12:27:37 UTC 2025
Thu Jul 17 12:27:09 UTC 2025
Fri Jul 18 12:27:23 UTC 2025
Sat Jul 19 12:24:25 UTC 2025
Sun Jul 20 12:24:48 UTC 2025
Mon Jul 21 12:28:31 UTC 2025
Tue Jul 22 12:27:46 UTC 2025
Wed Jul 23 12:27:57 UTC 2025
Thu Jul 24 12:28:06 UTC 2025
Fri Jul 25 12:27:08 UTC 2025
Sat Jul 26 12:24:37 UTC 2025
Sun Jul 27 12:25:28 UTC 2025
Mon Jul 28 12:28:27 UTC 2025
Tue Jul 29 12:29:02 UTC 2025
Wed Jul 30 12:28:47 UTC 2025
Thu Jul 31 12:26:54 UTC 2025
Fri Aug  1 12:27:54 UTC 2025
Sat Aug  2 12:24:57 UTC 2025
Sun Aug  3 12:25:36 UTC 2025
Mon Aug  4 12:29:28 UTC 2025
Tue Aug  5 12:29:18 UTC 2025
Wed Aug  6 12:29:16 UTC 2025
Thu Aug  7 12:29:04 UTC 2025
Fri Aug  8 12:28:09 UTC 2025
Sat Aug  9 12:24:30 UTC 2025
Sun Aug 10 12:25:06 UTC 2025
Mon Aug 11 12:28:37 UTC 2025
Tue Aug 12 12:26:43 UTC 2025
Wed Aug 13 12:27:07 UTC 2025
Thu Aug 14 12:27:44 UTC 2025
Fri Aug 15 12:25:41 UTC 2025
Sat Aug 16 12:23:23 UTC 2025
Sun Aug 17 12:24:07 UTC 2025
Mon Aug 18 12:27:50 UTC 2025
Tue Aug 19 12:25:35 UTC 2025
Wed Aug 20 12:25:27 UTC 2025
Thu Aug 21 12:25:23 UTC 2025
Fri Aug 22 12:24:29 UTC 2025
Sat Aug 23 12:22:07 UTC 2025
Sun Aug 24 12:22:41 UTC 2025
Mon Aug 25 12:26:01 UTC 2025
Tue Aug 26 12:27:33 UTC 2025
Wed Aug 27 12:25:00 UTC 2025
Thu Aug 28 12:24:51 UTC 2025
Fri Aug 29 12:24:09 UTC 2025
Sat Aug 30 12:21:23 UTC 2025
Sun Aug 31 12:22:03 UTC 2025
Mon Sep  1 12:25:52 UTC 2025
Tue Sep  2 12:25:25 UTC 2025
Wed Sep  3 12:24:24 UTC 2025
Thu Sep  4 12:25:02 UTC 2025
Fri Sep  5 12:23:37 UTC 2025
Sat Sep  6 12:20:48 UTC 2025
Sun Sep  7 12:21:12 UTC 2025
Mon Sep  8 12:26:14 UTC 2025
Tue Sep  9 12:26:39 UTC 2025
Wed Sep 10 12:23:59 UTC 2025
Thu Sep 11 12:23:41 UTC 2025
Fri Sep 12 12:23:42 UTC 2025
Sat Sep 13 12:20:53 UTC 2025
Sun Sep 14 12:20:42 UTC 2025
Mon Sep 15 12:25:00 UTC 2025
Tue Sep 16 12:24:41 UTC 2025
Wed Sep 17 12:24:42 UTC 2025
Thu Sep 18 12:24:02 UTC 2025
Fri Sep 19 12:24:53 UTC 2025
Sat Sep 20 12:21:54 UTC 2025
Sun Sep 21 12:21:47 UTC 2025
Mon Sep 22 12:25:19 UTC 2025
Tue Sep 23 12:24:44 UTC 2025
Wed Sep 24 12:25:28 UTC 2025
Thu Sep 25 12:26:19 UTC 2025
Fri Sep 26 12:24:39 UTC 2025
Sat Sep 27 12:21:21 UTC 2025
Sun Sep 28 12:21:34 UTC 2025
Mon Sep 29 12:25:42 UTC 2025
Tue Sep 30 12:26:23 UTC 2025
Wed Oct  1 12:26:34 UTC 2025
Thu Oct  2 12:23:32 UTC 2025
Fri Oct  3 12:24:08 UTC 2025
Sat Oct  4 12:21:04 UTC 2025
Sun Oct  5 12:21:31 UTC 2025
Mon Oct  6 12:25:41 UTC 2025
Tue Oct  7 12:25:47 UTC 2025
Wed Oct  8 12:26:13 UTC 2025
Thu Oct  9 12:25:18 UTC 2025
Fri Oct 10 12:25:31 UTC 2025
Sat Oct 11 12:21:25 UTC 2025
Sun Oct 12 12:21:50 UTC 2025
Mon Oct 13 12:25:47 UTC 2025
Tue Oct 14 12:26:39 UTC 2025
Wed Oct 15 12:27:10 UTC 2025
Thu Oct 16 12:26:56 UTC 2025
Fri Oct 17 12:25:22 UTC 2025
Sat Oct 18 12:22:03 UTC 2025
Sun Oct 19 12:22:00 UTC 2025
Mon Oct 20 12:26:50 UTC 2025
